<?xml version="1.0" encoding="UTF-8"?>
<!-- Generated by org.testng.reporters.JUnitReportReporter -->
<testsuite hostname="DESKTOP-GTBN2KK" failures="0" tests="2" name="testngbasic.Annot" time="0.011" errors="0" timestamp="2022-04-21T17:23:12 EDT" skipped="0">
  <testcase classname="testngbasic.Annot" name="Tc2" time="0.009"/>
  <system-out/>
  <testcase classname="testngbasic.Annot" name="test1" time="0.002"/>
  <system-out/>
</testsuite> <!-- testngbasic.Annot -->
