<?xml version="1.0" encoding="UTF-8"?>
<!-- Generated by org.testng.reporters.JUnitReportReporter -->
<testsuite hostname="DESKTOP-GTBN2KK" failures="0" tests="6" name="newObjectPageModelProperty.OldTest4" time="3.029" errors="0" timestamp="2022-04-22T22:14:10 EDT" skipped="0">
  <testcase classname="newObjectPageModelProperty.OldTest4" name="Tc1" time="0.084"/>
  <system-out/>
  <testcase classname="newObjectPageModelProperty.OldTest4" name="Tc2" time="0.538"/>
  <system-out/>
  <testcase classname="newObjectPageModelProperty.OldTest4" name="Tc3" time="0.101"/>
  <system-out/>
  <testcase classname="newObjectPageModelProperty.OldTest4" name="Tc4" time="0.532"/>
  <system-out/>
  <testcase classname="newObjectPageModelProperty.OldTest4" name="Tc5" time="0.274"/>
  <system-out/>
  <testcase classname="newObjectPageModelProperty.OldTest4" name="Tc6" time="1.500"/>
  <system-out/>
</testsuite> <!-- newObjectPageModelProperty.OldTest4 -->
